[2025-01-17T12:42:53.920Z] INFO: Razorpay initialized successfully with key_id:
"rzp_live_pBaO2mVJO6MeVZ"
[2025-01-17T12:43:12.771Z] INFO: Razorpay initialized successfully with key_id:
"rzp_live_pBaO2mVJO6MeVZ"
[2025-01-18T09:43:56.498Z] INFO: Razorpay initialized successfully with key_id:
"rzp_live_pBaO2mVJO6MeVZ"
[2025-01-18T09:43:56.509Z] INFO: Server started
{
  "port": "5000",
  "env": "development",
  "time": "2025-01-18T09:43:56.509Z"
}
[2025-01-18T09:43:56.511Z] INFO: Available routes:
{
  "routes": [
    "POST /create-order - Create a new order",
    "POST /verify-payment - Verify and capture payment",
    "GET /payments - Get all payments",
    "GET /payments/:paymentId - Get single payment",
    "GET /health - Health check"
  ]
}
[2025-01-18T09:44:10.926Z] INFO: Razorpay initialized successfully with key_id:
"rzp_live_pBaO2mVJO6MeVZ"
